<?xml version="1.0" encoding="UTF-8"?>
<testsuite name="com.bloxbean.cardano.kavach.demo.DemoServiceDevkitTest" tests="5" skipped="0" failures="0" errors="0" timestamp="2026-09-18T17:56:49.988Z" hostname="MacBook-Pro-3.local" time="387.174">
  <properties/>
  <testcase name="unaffordableSetupRejectsBeforeAnyPublication()" classname="com.bloxbean.cardano.kavach.demo.DemoServiceDevkitTest" time="6.138"/>
  <testcase name="publisherReferenceRemovalRestartAndIndependentSponsorRepair()" classname="com.bloxbean.cardano.kavach.demo.DemoServiceDevkitTest" time="43.199"/>
  <testcase name="periodicBudgetFullFlow()" classname="com.bloxbean.cardano.kavach.demo.DemoServiceDevkitTest" time="115.924"/>
  <testcase name="[1] 1" classname="com.bloxbean.cardano.kavach.demo.DemoServiceDevkitTest" time="109.257"/>
  <testcase name="[2] 2" classname="com.bloxbean.cardano.kavach.demo.DemoServiceDevkitTest" time="112.607"/>
  <system-out><![CDATA[Create account · publish script 1 of 5 confirmed candidate a12febd05770d681c30d232e45deca7ffd4dccc7470f17c29c1fcb58dfa0e81a
Create account · publish script 2 of 5 confirmed candidate 203c4e436a5f6cb6db46eb3588943f91631f0445b029f46d613c54867ad30185
Create account · publish script 3 of 5 confirmed candidate 55fbae29e9f96c4d04137312d321e25583531afa3714d9046c17c0daafc56e53
Create account · publish script 4 of 5 confirmed candidate b6defe2b440fcb50883441b65fb1b76cb6f1f98fbb93d8acf76a0431bc9f867a
Create account · publish script 5 of 5 confirmed candidate 3ad4a7763e46d7f7acbfe4627e8431c242c74cf6746a27dae6f8c90aaef14fb8
Register authorization checkpoints confirmed candidate 81983b702bd88fd5518420d99bbfad61f150f3bef6bb7225b8045abe2d0053a1
Create account · approve genesis confirmed candidate 74c9ea0c8294333d546e7ff86114210da44a14e1f7a4e78a311088fd5ce1b678
Repair reference availability confirmed candidate a67cbec83413f4333072c7062bd2147ff0f64f84262004f312525cb0086661aa
Send assets confirmed candidate 83f14ae9e52ed2c700143f52efb2995382de649a81b949900654186c9dc6a286
Create account · publish script 1 of 5 confirmed candidate 3cfc11a33b89b260d0f4a0fb8657b4f8b25c7d28c905b0f5bc4583af921a7ae9
Create account · publish script 2 of 5 confirmed candidate 780bf29881a6cdb4ba558634fea0c8ae98eefe32fc95719ac8ce8757ca6a08e2
Create account · publish script 3 of 5 confirmed candidate 6669f4c8a735407294b6ef813562aed9a33d87d49e6da1d934c3a188d9740d12
Create account · publish script 4 of 5 confirmed candidate be392b439db454a814e38d12ec5a1005ef842f3d2f5405de7baa4f3e2b59aea3
Create account · publish script 5 of 5 confirmed candidate 2d17f34c9254ac180dfe81de00e06881c08ceca249a221a9fbd168d0de48f626
Register authorization checkpoints confirmed candidate c7ced5b4ab762b1cea97d91640929dd2c1fefdf72b56a2f507b8beb4e2447eba
Create account · approve genesis confirmed candidate 4f21a2f126d9ad5184b90a1d2ef5dfd4369143f7594d3122f76ba66c58a72a3f
Create periodic budget counter confirmed candidate a97bd541b1fa6f08857ff39380f876fe13908c3e568382885a915401615cddb7
Publish candidate module confirmed candidate bc4237569d59d4e324e787f098014512be4f35e147b28dcd7da938b2f4a0be18
Register authorization checkpoints confirmed candidate 5c652775390f13611222807c26219c6c09bd880058cab1718df60035df8cda19
Replace module confirmed candidate 8142d96871cc367fa6b17d63843beb8bfb5ec7fdd906940b8094a46785b26dcd
Send assets confirmed candidate 20caee88d588c5f3e7e6065df06d3b777d8a8bbe0f24c98b00fc5e238ac254b0
Send assets confirmed candidate 586e45046c01230e9d9e427d7aedc1eb267557c29ecb8d1afab10444e4232cd5
Rotate keys confirmed candidate 0e815d01bf2280de24e8f0a0b3d171b2a7cc4f205e4e6f83de4acc6308cb2e9b
Rotate keys confirmed candidate 359bdac4fea111285e30717d238c6d323df486d3035444b826aead983b30f8e1
Send assets confirmed candidate aeaa439742a8bed67c333bd5f388bdc6dedc1432b1ca25dbc997864abdc037f4
Rotate keys confirmed candidate 8aff9342813f041ed16fbdb586d17ceb3d91c7dbfbbd748ba3d4ae56e8ceadec
Send assets confirmed candidate 8243615bdff7acf01cc6dc0c76c107a149e51b6e08c82ae49df5d01c0efd43fd
Rotate keys confirmed candidate c19bdedd936db706668ecf9bfeeb928756dcb323617abdd81d3ef3fbc7b93509
Send assets confirmed candidate 60b0f55487ee32740821ead3e8c8c27e0768ce1446807d5043d0b8823d4fb9fb
Send assets confirmed candidate 594708f8367da28c203a3b5bfce996b45b5701d8ea6c007a532aafdeace4ea95
Send assets confirmed candidate 8c14a57e3a25720908f2b8a6489bc1c9a2ab4be30af3c6ad77be708f782b036d
Create account · publish script 1 of 5 confirmed candidate 10b3f89f297253de0d8e345a5886d7a417c473581c1bd19308f27d1b765fdedf
Create account · publish script 2 of 5 confirmed candidate 11151e6506f2bd2c79191bbe994f5c5b6738eb272bdc50c85bb446066677ec8e
Create account · publish script 3 of 5 confirmed candidate f8e41ad5d9ef3a3bff8e08376202c37e7e2e60c4873417226e8748f55b5b75ea
Create account · publish script 4 of 5 confirmed candidate 5341f4f08856d7d69127a1592bbd32200b675bd7cf809d12d1f304b3fb76b538
Create account · publish script 5 of 5 confirmed candidate 335cf330ef05f3d7daf031726485ddef35ddbc84a2a45f01ed7ff5e7ea84dd28
Register authorization checkpoints confirmed candidate 226484e0cf1bb839f422b59da4758dd15fb8c6023cb09186f40543011083001b
Create account · approve genesis confirmed candidate 7dba684cc78992131b3d595253dd795bcb4d20538d32061f07cfd1ef47550447
Send assets confirmed candidate d70cf4d157d7d47f78fe27f7b980c8bc2d9c18fc67f8d4bbd8f06d7a34183b39
Send assets confirmed candidate 1fa08cc3b88fd1dc445352ba17e99b237d88e0878817919b9e4184816d8df158
Send assets confirmed candidate 1e9706945a167d37aa2a893c08adf0bdc88e5476a460a9096bb2251b0d5f84e5
Consolidate assets confirmed candidate b812ca0f0ea4a593bf8f0050e836f0d36bbb494e79ac3a3d5a5b2c5118ac4b69
Freeze account confirmed candidate 42c21a2e5222aba9630d0a3ef14173799813641e043e3473fd1461a9820e66cf
Unfreeze account confirmed candidate 2774ce6ade9f1c2958ce41d5adbad1062812599426821dcf4af60b3d88795261
Rotate keys confirmed candidate 7f41bb16ee79db037b6e71866693747ee0dc6a98d9909c5806b91bceb921395d
Publish candidate module confirmed candidate f98f5967715f1c8f42e1231cb17dde1d09d46d5f924f0bcca1b9239eb30e99ee
Register authorization checkpoints confirmed candidate af26604c4527a0194a826cd6e0c0214b8dbf6bfec63a62df2a25740e3d95ed26
Replace module confirmed candidate 09ae5e2961f8008644bc5400948c2898a3fd2117a51e6f9f724c9f32284d4a2e
Send assets confirmed candidate d845f6cfdc1fc35ac9d2acb67e11422867fbfc99762915931ca29e95e084f73f
Start recovery confirmed candidate 55324e3b7331b66703ece2b0483a3452ed0bc8fcc249d91eb8a21c024c3f6cfd
Cancel recovery confirmed candidate 7704637ac284d95771c17972fa78ab5593b0daf8e91bfd9f6974dace1e647420
Unfreeze account confirmed candidate da5ff92dfcdfce121d72c6c7c76914ed6714d39fb99521b90a5e39c1898f312f
Send assets confirmed candidate 296a17cd9538d816ed7b32eb53ee36600a3d311ab763cb07da73db753caef871
Demo API mode 1 creation, transfers, key rotation, cross-mode replacement and recovery cancellation passed
Create account · publish script 1 of 5 confirmed candidate 8702a8e943bca0079e0b34c210c2b624ea42144b63ef45b6320e131018e68822
Create account · publish script 2 of 5 confirmed candidate 3f857a27716734ec655d8ce90c081eb910ebc21bc3097a5259363095d8a851b7
Create account · publish script 3 of 5 confirmed candidate 8d02dc157419509ce0a8851696bce267781775d918d49972ec145a6936a03a40
Create account · publish script 4 of 5 confirmed candidate fce78ce5885db7aed7579b70bdc2a91351ee8ef0ecf50a73f65989fc8d4a93dc
Create account · publish script 5 of 5 confirmed candidate d08c07f9179fc8f722c100e0296a89cd6977b591f5e8ad54d8db2493a0e0e328
Register authorization checkpoints confirmed candidate 750572016888299639ea84a3e0d14640ea7dda493fb21205f1e6a56102cec968
Create account · approve genesis confirmed candidate a85bab675015cce99b0050363a044ce9806b37ef8e3ad47a431a70e4f7c14044
Send assets confirmed candidate ef5e41a55591e4c5660c37c45fea98eaa2ee9d7ccac0f9a0e1285c4cede51763
Send assets confirmed candidate 32a9d92b7c1afd90149690bc5c10b5d33994263911b2655b1d3df5961fb016d5
Send assets confirmed candidate 025f7ab9c4664099084eb1c702c2a2f22b47e605398da0910b290c4014a6bea7
Consolidate assets confirmed candidate a2d96e5c25ed081799e455e984e71d92c97a0a037810006f54d44a01f2fdd4c2
Freeze account confirmed candidate 826cec095a1a19fc3a67ef555d5aa8f93d065009f0cee833ea464a54411f5da7
Unfreeze account confirmed candidate b623819c5ad750a5884b0f5d060881bfb6721f5108bc3dfcbf0078c0394e2379
Rotate keys confirmed candidate 703fde9aaf14617eb6b7dd902f078184c31a76bb03285525c7e7ac2aeb092a7b
Publish candidate module confirmed candidate 3c346c3f0199dea7cba9f6bc3049dee76793906864307bbc794ba24d7fe6e11c
Register authorization checkpoints confirmed candidate b5f9097765c84fbc6f5095ee045a4e72b2c7e5d129b681c0563bd0cd8f5b2dda
Replace module confirmed candidate 869b0b33220af4644dff780eb45d4078088f1f6eac8c27d6eec1047cd649c444
Send assets confirmed candidate 66a8a6b9a8099aa842b8c5104e09761aa71c3e2a0b519a14e2978b78b42eda87
Start recovery confirmed candidate 76a2be93a7af63d78c6c047e14d88773ab7fe71f709e57c59e9e8a1a9cec26d4
Cancel recovery confirmed candidate 5881cc7cfad1e2284d3ce0e3b548b81784d61a30e81ed796507f179f6a052d76
Unfreeze account confirmed candidate 11f8051fa146cc8acaefaa7fc65bfbb75a5ca9d5cc17c60351516bd3b1d3b420
Send assets confirmed candidate ce1d0ca5cf8f5dac30b2b01b463385a921e5f0c45be9e42d457d19879daa82e6
Demo API mode 2 creation, transfers, key rotation, cross-mode replacement and recovery cancellation passed
]]></system-out>
  <system-err><![CDATA[SLF4J(W): No SLF4J providers were found.
SLF4J(W): Defaulting to no-operation (NOP) logger implementation
SLF4J(W): See https://www.slf4j.org/codes.html#noProviders for further details.
]]></system-err>
</testsuite>
